<?xml version="1.0" encoding="utf-8"?><testsuites><testsuite name="pytest" errors="0" failures="1" skipped="0" tests="109" time="0.952" timestamp="2022-06-05T03:08:48.830739" hostname="fv-az89-688"><testcase classname="tests.00_empty_test" name="test_empty" time="0.002" /><testcase classname="tests.01_basic_test" name="test_example" time="0.004"><failure message="AssertionError: assert {'Baz': [5, 7..., 'C': 'TDD'}} == {'Baz': [3, 5..., 'C': 'TDD'}}&#10;  Omitting 2 identical items, use -vv to show&#10;  Differing items:&#10;  {'Baz': [5, 7, 11]} != {'Baz': [3, 5, 7]}&#10;  Full diff:&#10;    {&#10;  -  'Baz': [3, 5, 7],&#10;  ?          ---&#10;  +  'Baz': [5, 7, 11],&#10;  ?              ++++&#10;     'Foo': 'Bar',&#10;     'Qux': {'A': 'Boston', 'B': 'Python', 'C': 'TDD'},&#10;    }">def test_example():
        """
        But really, test cases should be callables containing assertions:
        """
        print("\nRunning test_example...")
&gt;       assert DATA_SET_A == DATA_SET_C
E       AssertionError: assert {'Baz': [5, 7..., 'C': 'TDD'}} == {'Baz': [3, 5..., 'C': 'TDD'}}
E         Omitting 2 identical items, use -vv to show
E         Differing items:
E         {'Baz': [5, 7, 11]} != {'Baz': [3, 5, 7]}
E         Full diff:
E           {
E         -  'Baz': [3, 5, 7],
E         ?          ---
E         +  'Baz': [5, 7, 11],
E         ?              ++++
E            'Foo': 'Bar',
E            'Qux': {'A': 'Boston', 'B': 'Python', 'C': 'TDD'},
E           }

tests\01_basic_test.py:9: AssertionError</failure></testcase><testcase classname="tests.02_special_assertions_test" name="test_div_zero_exception" time="0.001" /><testcase classname="tests.02_special_assertions_test" name="test_keyerror_details" time="0.001" /><testcase classname="tests.02_special_assertions_test" name="test_approximate_matches" time="0.001" /><testcase classname="tests.03_simple_fixture_test" name="test_with_local_fixture" time="0.001" /><testcase classname="tests.03_simple_fixture_test" name="test_with_global_fixture" time="0.001" /><testcase classname="tests.04_fixture_returns_test" name="test_with_data_fixture" time="0.001" /><testcase classname="tests.05_yield_fixture_test" name="test_with_yield_fixture" time="0.001" /><testcase classname="tests.06_request_test" name="test_with_introspection" time="0.001" /><testcase classname="tests.07_request_finalizer_test" name="test_with_safe_cleanup_fixture" time="0.001" /><testcase classname="tests.08_params_test" name="test_parameterization[a]" time="0.001" /><testcase classname="tests.08_params_test" name="test_parameterization[b]" time="0.001" /><testcase classname="tests.08_params_test" name="test_parameterization[c]" time="0.001" /><testcase classname="tests.08_params_test" name="test_parameterization[d]" time="0.001" /><testcase classname="tests.08_params_test" name="test_parameterization[e]" time="0.001" /><testcase classname="tests.08_params_test" name="test_modes[foo]" time="0.001" /><testcase classname="tests.08_params_test" name="test_modes[bar]" time="0.001" /><testcase classname="tests.08_params_test" name="test_modes[baz]" time="0.001" /><testcase classname="tests.09_params-ception_test" name="test_fixtureception[a-1]" time="0.001" /><testcase classname="tests.09_params-ception_test" name="test_fixtureception[a-2]" time="0.001" /><testcase classname="tests.09_params-ception_test" name="test_fixtureception[a-3]" time="0.001" /><testcase classname="tests.09_params-ception_test" name="test_fixtureception[a-4]" time="0.001" /><testcase classname="tests.09_params-ception_test" name="test_fixtureception[b-1]" time="0.001" /><testcase classname="tests.09_params-ception_test" name="test_fixtureception[b-2]" time="0.001" /><testcase classname="tests.09_params-ception_test" name="test_fixtureception[b-3]" time="0.001" /><testcase classname="tests.09_params-ception_test" name="test_fixtureception[b-4]" time="0.001" /><testcase classname="tests.09_params-ception_test" name="test_fixtureception[c-1]" time="0.001" /><testcase classname="tests.09_params-ception_test" name="test_fixtureception[c-2]" time="0.001" /><testcase classname="tests.09_params-ception_test" name="test_fixtureception[c-3]" time="0.001" /><testcase classname="tests.09_params-ception_test" name="test_fixtureception[c-4]" time="0.001" /><testcase classname="tests.09_params-ception_test" name="test_fixtureception[d-1]" time="0.001" /><testcase classname="tests.09_params-ception_test" name="test_fixtureception[d-2]" time="0.001" /><testcase classname="tests.09_params-ception_test" name="test_fixtureception[d-3]" time="0.001" /><testcase classname="tests.09_params-ception_test" name="test_fixtureception[d-4]" time="0.001" /><testcase classname="tests.10_advanced_params-ception_test" name="test_advanced_fixtureception[a-1]" time="0.001" /><testcase classname="tests.10_advanced_params-ception_test" name="test_advanced_fixtureception[a-2]" time="0.001" /><testcase classname="tests.10_advanced_params-ception_test" name="test_advanced_fixtureception[a-3]" time="0.001" /><testcase classname="tests.10_advanced_params-ception_test" name="test_advanced_fixtureception[a-4]" time="0.001" /><testcase classname="tests.10_advanced_params-ception_test" name="test_advanced_fixtureception[b-1]" time="0.001" /><testcase classname="tests.10_advanced_params-ception_test" name="test_advanced_fixtureception[b-2]" time="0.001" /><testcase classname="tests.10_advanced_params-ception_test" name="test_advanced_fixtureception[b-3]" time="0.001" /><testcase classname="tests.10_advanced_params-ception_test" name="test_advanced_fixtureception[b-4]" time="0.001" /><testcase classname="tests.10_advanced_params-ception_test" name="test_advanced_fixtureception[c-1]" time="0.001" /><testcase classname="tests.10_advanced_params-ception_test" name="test_advanced_fixtureception[c-2]" time="0.001" /><testcase classname="tests.10_advanced_params-ception_test" name="test_advanced_fixtureception[c-3]" time="0.001" /><testcase classname="tests.10_advanced_params-ception_test" name="test_advanced_fixtureception[c-4]" time="0.001" /><testcase classname="tests.10_advanced_params-ception_test" name="test_advanced_fixtureception[d-1]" time="0.001" /><testcase classname="tests.10_advanced_params-ception_test" name="test_advanced_fixtureception[d-2]" time="0.001" /><testcase classname="tests.10_advanced_params-ception_test" name="test_advanced_fixtureception[d-3]" time="0.001" /><testcase classname="tests.10_advanced_params-ception_test" name="test_advanced_fixtureception[d-4]" time="0.001" /><testcase classname="tests.11_mark_test" name="test_fake_query" time="0.001" /><testcase classname="tests.11_mark_test" name="test_fake_stats_function" time="0.001" /><testcase classname="tests.11_mark_test" name="test_fake_multi_join_query" time="0.001" /><testcase classname="tests.14_class_based_test.TestSimpleClass" name="test_two_checking_method" time="0.001" /><testcase classname="tests.15_advanced_class_test.TestIntermediateClass" name="test1" time="0.001" /><testcase classname="tests.15_advanced_class_test.TestIntermediateClass" name="test2" time="0.001" /><testcase classname="tests.16_scoped_and_meta_fixtures_test" name="test_scoped_fixtures[1]" time="0.202" /><testcase classname="tests.16_scoped_and_meta_fixtures_test" name="test_scoped_fixtures[2]" time="0.001" /><testcase classname="tests.16_scoped_and_meta_fixtures_test" name="test_scoped_fixtures[3]" time="0.001" /><testcase classname="tests.16_scoped_and_meta_fixtures_test" name="test_scoped_fixtures[4]" time="0.001" /><testcase classname="tests.16_scoped_and_meta_fixtures_test" name="test_scoped_fixtures[5]" time="0.001" /><testcase classname="tests.16_scoped_and_meta_fixtures_test" name="test_scoped_fixtures[6]" time="0.001" /><testcase classname="tests.16_scoped_and_meta_fixtures_test" name="test_scoped_fixtures[7]" time="0.001" /><testcase classname="tests.16_scoped_and_meta_fixtures_test" name="test_scoped_fixtures[8]" time="0.001" /><testcase classname="tests.16_scoped_and_meta_fixtures_test" name="test_scoped_fixtures[9]" time="0.001" /><testcase classname="tests.16_scoped_and_meta_fixtures_test" name="test_scoped_fixtures[10]" time="0.001" /><testcase classname="tests.16_scoped_and_meta_fixtures_test" name="test_scoped_fixtures[11]" time="0.001" /><testcase classname="tests.16_scoped_and_meta_fixtures_test" name="test_scoped_fixtures[12]" time="0.001" /><testcase classname="tests.16_scoped_and_meta_fixtures_test" name="test_scoped_fixtures[13]" time="0.001" /><testcase classname="tests.16_scoped_and_meta_fixtures_test" name="test_scoped_fixtures[14]" time="0.001" /><testcase classname="tests.16_scoped_and_meta_fixtures_test" name="test_scoped_fixtures[15]" time="0.001" /><testcase classname="tests.16_scoped_and_meta_fixtures_test" name="test_scoped_fixtures[16]" time="0.001" /><testcase classname="tests.16_scoped_and_meta_fixtures_test" name="test_scoped_fixtures[17]" time="0.001" /><testcase classname="tests.16_scoped_and_meta_fixtures_test" name="test_scoped_fixtures[18]" time="0.001" /><testcase classname="tests.16_scoped_and_meta_fixtures_test" name="test_scoped_fixtures[19]" time="0.001" /><testcase classname="tests.16_scoped_and_meta_fixtures_test" name="test_scoped_fixtures[20]" time="0.001" /><testcase classname="tests.16_scoped_and_meta_fixtures_test" name="test_scoped_fixtures[21]" time="0.001" /><testcase classname="tests.16_scoped_and_meta_fixtures_test" name="test_scoped_fixtures[22]" time="0.001" /><testcase classname="tests.16_scoped_and_meta_fixtures_test" name="test_scoped_fixtures[23]" time="0.001" /><testcase classname="tests.16_scoped_and_meta_fixtures_test" name="test_scoped_fixtures[24]" time="0.001" /><testcase classname="tests.16_scoped_and_meta_fixtures_test" name="test_scoped_fixtures[25]" time="0.001" /><testcase classname="tests.16_scoped_and_meta_fixtures_test" name="test_scoped_fixtures[26]" time="0.001" /><testcase classname="tests.16_scoped_and_meta_fixtures_test" name="test_scoped_fixtures[27]" time="0.001" /><testcase classname="tests.16_scoped_and_meta_fixtures_test" name="test_scoped_fixtures[28]" time="0.001" /><testcase classname="tests.16_scoped_and_meta_fixtures_test" name="test_scoped_fixtures[29]" time="0.001" /><testcase classname="tests.16_scoped_and_meta_fixtures_test" name="test_scoped_fixtures[30]" time="0.001" /><testcase classname="tests.16_scoped_and_meta_fixtures_test" name="test_scoped_fixtures[31]" time="0.001" /><testcase classname="tests.16_scoped_and_meta_fixtures_test" name="test_scoped_fixtures[32]" time="0.001" /><testcase classname="tests.16_scoped_and_meta_fixtures_test" name="test_scoped_fixtures[33]" time="0.001" /><testcase classname="tests.16_scoped_and_meta_fixtures_test" name="test_scoped_fixtures[34]" time="0.001" /><testcase classname="tests.16_scoped_and_meta_fixtures_test" name="test_scoped_fixtures[35]" time="0.001" /><testcase classname="tests.16_scoped_and_meta_fixtures_test" name="test_scoped_fixtures[36]" time="0.001" /><testcase classname="tests.16_scoped_and_meta_fixtures_test" name="test_scoped_fixtures[37]" time="0.001" /><testcase classname="tests.16_scoped_and_meta_fixtures_test" name="test_scoped_fixtures[38]" time="0.001" /><testcase classname="tests.16_scoped_and_meta_fixtures_test" name="test_scoped_fixtures[39]" time="0.001" /><testcase classname="tests.16_scoped_and_meta_fixtures_test" name="test_scoped_fixtures[40]" time="0.001" /><testcase classname="tests.16_scoped_and_meta_fixtures_test" name="test_scoped_fixtures[41]" time="0.001" /><testcase classname="tests.16_scoped_and_meta_fixtures_test" name="test_scoped_fixtures[42]" time="0.001" /><testcase classname="tests.16_scoped_and_meta_fixtures_test" name="test_scoped_fixtures[43]" time="0.001" /><testcase classname="tests.16_scoped_and_meta_fixtures_test" name="test_scoped_fixtures[44]" time="0.001" /><testcase classname="tests.16_scoped_and_meta_fixtures_test" name="test_scoped_fixtures[45]" time="0.001" /><testcase classname="tests.16_scoped_and_meta_fixtures_test" name="test_scoped_fixtures[46]" time="0.001" /><testcase classname="tests.16_scoped_and_meta_fixtures_test" name="test_scoped_fixtures[47]" time="0.001" /><testcase classname="tests.16_scoped_and_meta_fixtures_test" name="test_scoped_fixtures[48]" time="0.001" /><testcase classname="tests.16_scoped_and_meta_fixtures_test" name="test_scoped_fixtures[49]" time="0.001" /><testcase classname="tests.16_scoped_and_meta_fixtures_test" name="test_scoped_fixtures[50]" time="0.002" /><testcase classname="tests.19_re_usable_mock_test" name="test_re_usable_mocker" time="0.003" /><testcase classname="tests.19_re_usable_mock_test" name="test_mocker_with_exception" time="0.003" /></testsuite></testsuites>